{"/Users/mukul_tayal/Desktop/EndToEndEval/backend/database/config/config.js": {"path":"/Users/mukul_tayal/Desktop/EndToEndEval/backend/database/config/config.js","statementMap":{"0":{"start":{"line":1,"column":0},"end":{"line":1,"column":27}},"1":{"start":{"line":3,"column":0},"end":{"line":36,"column":2}}},"fnMap":{},"branchMap":{},"s":{"0":4,"1":4},"f":{},"b":{},"_coverageSchema":"1a1c01bbd47fc00a2c39e90264f33305004495a9","hash":"09905a718feea2c3c44dfd1727437cdba76963e0"}
,"/Users/mukul_tayal/Desktop/EndToEndEval/backend/src/controllers/content.controller.js": {"path":"/Users/mukul_tayal/Desktop/EndToEndEval/backend/src/controllers/content.controller.js","statementMap":{"0":{"start":{"line":1,"column":23},"end":{"line":1,"column":61}},"1":{"start":{"line":2,"column":18},"end":{"line":2,"column":48}},"2":{"start":{"line":4,"column":22},"end":{"line":16,"column":1}},"3":{"start":{"line":5,"column":2},"end":{"line":15,"column":3}},"4":{"start":{"line":6,"column":21},"end":{"line":6,"column":29}},"5":{"start":{"line":7,"column":20},"end":{"line":7,"column":60}},"6":{"start":{"line":8,"column":4},"end":{"line":8,"column":34}},"7":{"start":{"line":10,"column":4},"end":{"line":14,"column":5}},"8":{"start":{"line":11,"column":6},"end":{"line":11,"column":62}},"9":{"start":{"line":13,"column":6},"end":{"line":13,"column":52}},"10":{"start":{"line":17,"column":23},"end":{"line":28,"column":1}},"11":{"start":{"line":18,"column":2},"end":{"line":27,"column":3}},"12":{"start":{"line":19,"column":21},"end":{"line":19,"column":58}},"13":{"start":{"line":20,"column":4},"end":{"line":20,"column":35}},"14":{"start":{"line":22,"column":4},"end":{"line":26,"column":5}},"15":{"start":{"line":23,"column":6},"end":{"line":23,"column":62}},"16":{"start":{"line":25,"column":6},"end":{"line":25,"column":52}},"17":{"start":{"line":30,"column":22},"end":{"line":43,"column":1}},"18":{"start":{"line":31,"column":2},"end":{"line":42,"column":3}},"19":{"start":{"line":32,"column":21},"end":{"line":32,"column":29}},"20":{"start":{"line":33,"column":19},"end":{"line":33,"column":29}},"21":{"start":{"line":34,"column":20},"end":{"line":34,"column":64}},"22":{"start":{"line":35,"column":4},"end":{"line":35,"column":34}},"23":{"start":{"line":37,"column":4},"end":{"line":41,"column":5}},"24":{"start":{"line":38,"column":6},"end":{"line":38,"column":62}},"25":{"start":{"line":40,"column":6},"end":{"line":40,"column":52}},"26":{"start":{"line":45,"column":20},"end":{"line":58,"column":1}},"27":{"start":{"line":46,"column":2},"end":{"line":57,"column":3}},"28":{"start":{"line":47,"column":19},"end":{"line":47,"column":29}},"29":{"start":{"line":48,"column":22},"end":{"line":48,"column":30}},"30":{"start":{"line":49,"column":25},"end":{"line":49,"column":68}},"31":{"start":{"line":50,"column":4},"end":{"line":50,"column":39}},"32":{"start":{"line":52,"column":4},"end":{"line":56,"column":5}},"33":{"start":{"line":53,"column":6},"end":{"line":53,"column":62}},"34":{"start":{"line":55,"column":6},"end":{"line":55,"column":52}},"35":{"start":{"line":60,"column":20},"end":{"line":73,"column":1}},"36":{"start":{"line":61,"column":2},"end":{"line":72,"column":3}},"37":{"start":{"line":62,"column":19},"end":{"line":62,"column":29}},"38":{"start":{"line":63,"column":22},"end":{"line":63,"column":30}},"39":{"start":{"line":64,"column":20},"end":{"line":64,"column":63}},"40":{"start":{"line":65,"column":4},"end":{"line":65,"column":34}},"41":{"start":{"line":67,"column":4},"end":{"line":71,"column":5}},"42":{"start":{"line":68,"column":6},"end":{"line":68,"column":62}},"43":{"start":{"line":70,"column":6},"end":{"line":70,"column":52}},"44":{"start":{"line":75,"column":20},"end":{"line":88,"column":1}},"45":{"start":{"line":76,"column":2},"end":{"line":87,"column":3}},"46":{"start":{"line":77,"column":19},"end":{"line":77,"column":29}},"47":{"start":{"line":78,"column":33},"end":{"line":78,"column":41}},"48":{"start":{"line":79,"column":20},"end":{"line":79,"column":74}},"49":{"start":{"line":80,"column":4},"end":{"line":80,"column":34}},"50":{"start":{"line":82,"column":4},"end":{"line":86,"column":5}},"51":{"start":{"line":83,"column":6},"end":{"line":83,"column":62}},"52":{"start":{"line":85,"column":6},"end":{"line":85,"column":52}},"53":{"start":{"line":90,"column":0},"end":{"line":97,"column":2}}},"fnMap":{"0":{"name":"(anonymous_0)","decl":{"start":{"line":4,"column":22},"end":{"line":4,"column":23}},"loc":{"start":{"line":4,"column":42},"end":{"line":16,"column":1}},"line":4},"1":{"name":"(anonymous_1)","decl":{"start":{"line":17,"column":23},"end":{"line":17,"column":24}},"loc":{"start":{"line":17,"column":43},"end":{"line":28,"column":1}},"line":17},"2":{"name":"(anonymous_2)","decl":{"start":{"line":30,"column":22},"end":{"line":30,"column":23}},"loc":{"start":{"line":30,"column":42},"end":{"line":43,"column":1}},"line":30},"3":{"name":"(anonymous_3)","decl":{"start":{"line":45,"column":20},"end":{"line":45,"column":21}},"loc":{"start":{"line":45,"column":40},"end":{"line":58,"column":1}},"line":45},"4":{"name":"(anonymous_4)","decl":{"start":{"line":60,"column":20},"end":{"line":60,"column":21}},"loc":{"start":{"line":60,"column":40},"end":{"line":73,"column":1}},"line":60},"5":{"name":"(anonymous_5)","decl":{"start":{"line":75,"column":20},"end":{"line":75,"column":21}},"loc":{"start":{"line":75,"column":40},"end":{"line":88,"column":1}},"line":75}},"branchMap":{"0":{"loc":{"start":{"line":10,"column":4},"end":{"line":14,"column":5}},"type":"if","locations":[{"start":{"line":10,"column":4},"end":{"line":14,"column":5}},{"start":{"line":12,"column":11},"end":{"line":14,"column":5}}],"line":10},"1":{"loc":{"start":{"line":22,"column":4},"end":{"line":26,"column":5}},"type":"if","locations":[{"start":{"line":22,"column":4},"end":{"line":26,"column":5}},{"start":{"line":24,"column":11},"end":{"line":26,"column":5}}],"line":22},"2":{"loc":{"start":{"line":37,"column":4},"end":{"line":41,"column":5}},"type":"if","locations":[{"start":{"line":37,"column":4},"end":{"line":41,"column":5}},{"start":{"line":39,"column":11},"end":{"line":41,"column":5}}],"line":37},"3":{"loc":{"start":{"line":52,"column":4},"end":{"line":56,"column":5}},"type":"if","locations":[{"start":{"line":52,"column":4},"end":{"line":56,"column":5}},{"start":{"line":54,"column":11},"end":{"line":56,"column":5}}],"line":52},"4":{"loc":{"start":{"line":67,"column":4},"end":{"line":71,"column":5}},"type":"if","locations":[{"start":{"line":67,"column":4},"end":{"line":71,"column":5}},{"start":{"line":69,"column":11},"end":{"line":71,"column":5}}],"line":67},"5":{"loc":{"start":{"line":82,"column":4},"end":{"line":86,"column":5}},"type":"if","locations":[{"start":{"line":82,"column":4},"end":{"line":86,"column":5}},{"start":{"line":84,"column":11},"end":{"line":86,"column":5}}],"line":82}},"s":{"0":1,"1":1,"2":1,"3":3,"4":3,"5":3,"6":1,"7":2,"8":1,"9":1,"10":1,"11":3,"12":3,"13":1,"14":2,"15":1,"16":1,"17":1,"18":3,"19":3,"20":3,"21":3,"22":1,"23":2,"24":1,"25":1,"26":1,"27":3,"28":3,"29":3,"30":3,"31":1,"32":2,"33":1,"34":1,"35":1,"36":3,"37":3,"38":3,"39":2,"40":1,"41":2,"42":1,"43":1,"44":1,"45":3,"46":3,"47":3,"48":3,"49":1,"50":2,"51":1,"52":1,"53":1},"f":{"0":3,"1":3,"2":3,"3":3,"4":3,"5":3},"b":{"0":[1,1],"1":[1,1],"2":[1,1],"3":[1,1],"4":[1,1],"5":[1,1]},"_coverageSchema":"1a1c01bbd47fc00a2c39e90264f33305004495a9","hash":"c4f023207f906fe372956e08f802455668608dcd"}
,"/Users/mukul_tayal/Desktop/EndToEndEval/backend/src/controllers/entry.controller.js": {"path":"/Users/mukul_tayal/Desktop/EndToEndEval/backend/src/controllers/entry.controller.js","statementMap":{"0":{"start":{"line":1,"column":21},"end":{"line":1,"column":57}},"1":{"start":{"line":2,"column":18},"end":{"line":2,"column":48}},"2":{"start":{"line":4,"column":20},"end":{"line":17,"column":1}},"3":{"start":{"line":5,"column":2},"end":{"line":16,"column":3}},"4":{"start":{"line":6,"column":17},"end":{"line":6,"column":25}},"5":{"start":{"line":7,"column":19},"end":{"line":7,"column":29}},"6":{"start":{"line":8,"column":19},"end":{"line":8,"column":59}},"7":{"start":{"line":9,"column":4},"end":{"line":9,"column":33}},"8":{"start":{"line":11,"column":4},"end":{"line":15,"column":5}},"9":{"start":{"line":12,"column":6},"end":{"line":12,"column":62}},"10":{"start":{"line":14,"column":6},"end":{"line":14,"column":52}},"11":{"start":{"line":18,"column":22},"end":{"line":30,"column":1}},"12":{"start":{"line":19,"column":2},"end":{"line":29,"column":3}},"13":{"start":{"line":20,"column":19},"end":{"line":20,"column":29}},"14":{"start":{"line":21,"column":19},"end":{"line":21,"column":55}},"15":{"start":{"line":22,"column":4},"end":{"line":22,"column":33}},"16":{"start":{"line":24,"column":4},"end":{"line":28,"column":5}},"17":{"start":{"line":25,"column":6},"end":{"line":25,"column":62}},"18":{"start":{"line":27,"column":6},"end":{"line":27,"column":52}},"19":{"start":{"line":32,"column":20},"end":{"line":45,"column":1}},"20":{"start":{"line":33,"column":2},"end":{"line":44,"column":3}},"21":{"start":{"line":34,"column":17},"end":{"line":34,"column":25}},"22":{"start":{"line":35,"column":19},"end":{"line":35,"column":29}},"23":{"start":{"line":36,"column":19},"end":{"line":36,"column":59}},"24":{"start":{"line":37,"column":4},"end":{"line":37,"column":33}},"25":{"start":{"line":39,"column":4},"end":{"line":43,"column":5}},"26":{"start":{"line":40,"column":6},"end":{"line":40,"column":62}},"27":{"start":{"line":42,"column":6},"end":{"line":42,"column":52}},"28":{"start":{"line":47,"column":20},"end":{"line":59,"column":1}},"29":{"start":{"line":48,"column":2},"end":{"line":58,"column":3}},"30":{"start":{"line":49,"column":19},"end":{"line":49,"column":29}},"31":{"start":{"line":50,"column":19},"end":{"line":50,"column":53}},"32":{"start":{"line":51,"column":4},"end":{"line":51,"column":33}},"33":{"start":{"line":53,"column":4},"end":{"line":57,"column":5}},"34":{"start":{"line":54,"column":6},"end":{"line":54,"column":62}},"35":{"start":{"line":56,"column":6},"end":{"line":56,"column":52}},"36":{"start":{"line":60,"column":0},"end":{"line":65,"column":2}}},"fnMap":{"0":{"name":"(anonymous_0)","decl":{"start":{"line":4,"column":20},"end":{"line":4,"column":21}},"loc":{"start":{"line":4,"column":40},"end":{"line":17,"column":1}},"line":4},"1":{"name":"(anonymous_1)","decl":{"start":{"line":18,"column":22},"end":{"line":18,"column":23}},"loc":{"start":{"line":18,"column":42},"end":{"line":30,"column":1}},"line":18},"2":{"name":"(anonymous_2)","decl":{"start":{"line":32,"column":20},"end":{"line":32,"column":21}},"loc":{"start":{"line":32,"column":40},"end":{"line":45,"column":1}},"line":32},"3":{"name":"(anonymous_3)","decl":{"start":{"line":47,"column":20},"end":{"line":47,"column":21}},"loc":{"start":{"line":47,"column":40},"end":{"line":59,"column":1}},"line":47}},"branchMap":{"0":{"loc":{"start":{"line":11,"column":4},"end":{"line":15,"column":5}},"type":"if","locations":[{"start":{"line":11,"column":4},"end":{"line":15,"column":5}},{"start":{"line":13,"column":11},"end":{"line":15,"column":5}}],"line":11},"1":{"loc":{"start":{"line":24,"column":4},"end":{"line":28,"column":5}},"type":"if","locations":[{"start":{"line":24,"column":4},"end":{"line":28,"column":5}},{"start":{"line":26,"column":11},"end":{"line":28,"column":5}}],"line":24},"2":{"loc":{"start":{"line":39,"column":4},"end":{"line":43,"column":5}},"type":"if","locations":[{"start":{"line":39,"column":4},"end":{"line":43,"column":5}},{"start":{"line":41,"column":11},"end":{"line":43,"column":5}}],"line":39},"3":{"loc":{"start":{"line":53,"column":4},"end":{"line":57,"column":5}},"type":"if","locations":[{"start":{"line":53,"column":4},"end":{"line":57,"column":5}},{"start":{"line":55,"column":11},"end":{"line":57,"column":5}}],"line":53}},"s":{"0":1,"1":1,"2":1,"3":3,"4":3,"5":3,"6":3,"7":1,"8":2,"9":1,"10":1,"11":1,"12":3,"13":3,"14":3,"15":1,"16":2,"17":1,"18":1,"19":1,"20":3,"21":3,"22":3,"23":3,"24":1,"25":2,"26":1,"27":1,"28":1,"29":3,"30":3,"31":3,"32":1,"33":2,"34":1,"35":1,"36":1},"f":{"0":3,"1":3,"2":3,"3":3},"b":{"0":[1,1],"1":[1,1],"2":[1,1],"3":[1,1]},"_coverageSchema":"1a1c01bbd47fc00a2c39e90264f33305004495a9","hash":"57da2538c80b2d24336763632cb594ded9b1a204"}
,"/Users/mukul_tayal/Desktop/EndToEndEval/backend/src/errors/HTTPError.js": {"path":"/Users/mukul_tayal/Desktop/EndToEndEval/backend/src/errors/HTTPError.js","statementMap":{"0":{"start":{"line":3,"column":4},"end":{"line":3,"column":19}},"1":{"start":{"line":4,"column":4},"end":{"line":4,"column":27}},"2":{"start":{"line":5,"column":4},"end":{"line":5,"column":21}},"3":{"start":{"line":8,"column":0},"end":{"line":8,"column":27}}},"fnMap":{"0":{"name":"(anonymous_0)","decl":{"start":{"line":2,"column":2},"end":{"line":2,"column":3}},"loc":{"start":{"line":2,"column":29},"end":{"line":6,"column":3}},"line":2}},"branchMap":{},"s":{"0":13,"1":13,"2":13,"3":3},"f":{"0":13},"b":{},"_coverageSchema":"1a1c01bbd47fc00a2c39e90264f33305004495a9","hash":"24b9868b5cd94ac1bc2c6a5f1cb3cbe761bb9d2e"}
,"/Users/mukul_tayal/Desktop/EndToEndEval/backend/src/models/contenttype.js": {"path":"/Users/mukul_tayal/Desktop/EndToEndEval/backend/src/models/contenttype.js","statementMap":{"0":{"start":{"line":2,"column":18},"end":{"line":2,"column":38}},"1":{"start":{"line":4,"column":0},"end":{"line":28,"column":2}},"2":{"start":{"line":12,"column":6},"end":{"line":14,"column":9}},"3":{"start":{"line":17,"column":2},"end":{"line":26,"column":4}},"4":{"start":{"line":27,"column":2},"end":{"line":27,"column":21}}},"fnMap":{"0":{"name":"(anonymous_0)","decl":{"start":{"line":4,"column":17},"end":{"line":4,"column":18}},"loc":{"start":{"line":4,"column":43},"end":{"line":28,"column":1}},"line":4},"1":{"name":"(anonymous_1)","decl":{"start":{"line":11,"column":4},"end":{"line":11,"column":5}},"loc":{"start":{"line":11,"column":29},"end":{"line":15,"column":5}},"line":11}},"branchMap":{},"s":{"0":4,"1":4,"2":4,"3":4,"4":4},"f":{"0":4,"1":4},"b":{},"_coverageSchema":"1a1c01bbd47fc00a2c39e90264f33305004495a9","hash":"0940bcc531567cd3f8d4e16e824d7c571cf39f98"}
,"/Users/mukul_tayal/Desktop/EndToEndEval/backend/src/models/entry.js": {"path":"/Users/mukul_tayal/Desktop/EndToEndEval/backend/src/models/entry.js","statementMap":{"0":{"start":{"line":2,"column":18},"end":{"line":2,"column":38}},"1":{"start":{"line":3,"column":0},"end":{"line":27,"column":2}},"2":{"start":{"line":11,"column":6},"end":{"line":13,"column":9}},"3":{"start":{"line":16,"column":2},"end":{"line":25,"column":4}},"4":{"start":{"line":26,"column":2},"end":{"line":26,"column":15}}},"fnMap":{"0":{"name":"(anonymous_0)","decl":{"start":{"line":3,"column":17},"end":{"line":3,"column":18}},"loc":{"start":{"line":3,"column":43},"end":{"line":27,"column":1}},"line":3},"1":{"name":"(anonymous_1)","decl":{"start":{"line":10,"column":4},"end":{"line":10,"column":5}},"loc":{"start":{"line":10,"column":29},"end":{"line":14,"column":5}},"line":10}},"branchMap":{},"s":{"0":4,"1":4,"2":4,"3":4,"4":4},"f":{"0":4,"1":4},"b":{},"_coverageSchema":"1a1c01bbd47fc00a2c39e90264f33305004495a9","hash":"eea0c04ba404dfd8584efa6bb2918b25b5466d26"}
,"/Users/mukul_tayal/Desktop/EndToEndEval/backend/src/models/index.js": {"path":"/Users/mukul_tayal/Desktop/EndToEndEval/backend/src/models/index.js","statementMap":{"0":{"start":{"line":3,"column":11},"end":{"line":3,"column":24}},"1":{"start":{"line":4,"column":13},"end":{"line":4,"column":28}},"2":{"start":{"line":5,"column":18},"end":{"line":5,"column":38}},"3":{"start":{"line":6,"column":16},"end":{"line":6,"column":34}},"4":{"start":{"line":7,"column":17},"end":{"line":7,"column":42}},"5":{"start":{"line":8,"column":12},"end":{"line":8,"column":49}},"6":{"start":{"line":9,"column":15},"end":{"line":9,"column":75}},"7":{"start":{"line":10,"column":11},"end":{"line":10,"column":13}},"8":{"start":{"line":13,"column":0},"end":{"line":17,"column":1}},"9":{"start":{"line":14,"column":2},"end":{"line":14,"column":74}},"10":{"start":{"line":16,"column":2},"end":{"line":16,"column":87}},"11":{"start":{"line":19,"column":0},"end":{"line":32,"column":5}},"12":{"start":{"line":22,"column":4},"end":{"line":27,"column":6}},"13":{"start":{"line":30,"column":18},"end":{"line":30,"column":85}},"14":{"start":{"line":31,"column":4},"end":{"line":31,"column":27}},"15":{"start":{"line":34,"column":0},"end":{"line":38,"column":3}},"16":{"start":{"line":35,"column":2},"end":{"line":37,"column":3}},"17":{"start":{"line":36,"column":4},"end":{"line":36,"column":32}},"18":{"start":{"line":40,"column":0},"end":{"line":40,"column":25}},"19":{"start":{"line":41,"column":0},"end":{"line":41,"column":25}},"20":{"start":{"line":43,"column":0},"end":{"line":43,"column":20}}},"fnMap":{"0":{"name":"(anonymous_0)","decl":{"start":{"line":21,"column":10},"end":{"line":21,"column":11}},"loc":{"start":{"line":21,"column":18},"end":{"line":28,"column":3}},"line":21},"1":{"name":"(anonymous_1)","decl":{"start":{"line":29,"column":11},"end":{"line":29,"column":12}},"loc":{"start":{"line":29,"column":19},"end":{"line":32,"column":3}},"line":29},"2":{"name":"(anonymous_2)","decl":{"start":{"line":34,"column":24},"end":{"line":34,"column":25}},"loc":{"start":{"line":34,"column":37},"end":{"line":38,"column":1}},"line":34}},"branchMap":{"0":{"loc":{"start":{"line":8,"column":12},"end":{"line":8,"column":49}},"type":"binary-expr","locations":[{"start":{"line":8,"column":12},"end":{"line":8,"column":32}},{"start":{"line":8,"column":36},"end":{"line":8,"column":49}}],"line":8},"1":{"loc":{"start":{"line":13,"column":0},"end":{"line":17,"column":1}},"type":"if","locations":[{"start":{"line":13,"column":0},"end":{"line":17,"column":1}},{"start":{"line":15,"column":7},"end":{"line":17,"column":1}}],"line":13},"2":{"loc":{"start":{"line":23,"column":6},"end":{"line":26,"column":37}},"type":"binary-expr","locations":[{"start":{"line":23,"column":6},"end":{"line":23,"column":29}},{"start":{"line":24,"column":6},"end":{"line":24,"column":23}},{"start":{"line":25,"column":6},"end":{"line":25,"column":30}},{"start":{"line":26,"column":6},"end":{"line":26,"column":37}}],"line":23},"3":{"loc":{"start":{"line":35,"column":2},"end":{"line":37,"column":3}},"type":"if","locations":[{"start":{"line":35,"column":2},"end":{"line":37,"column":3}},{"start":{},"end":{}}],"line":35}},"s":{"0":4,"1":4,"2":4,"3":4,"4":4,"5":4,"6":4,"7":4,"8":4,"9":0,"10":4,"11":4,"12":12,"13":8,"14":8,"15":4,"16":8,"17":8,"18":4,"19":4,"20":4},"f":{"0":12,"1":8,"2":8},"b":{"0":[4,0],"1":[0,4],"2":[12,12,8,8],"3":[8,0]},"_coverageSchema":"1a1c01bbd47fc00a2c39e90264f33305004495a9","hash":"29a784ed5d1da4d87a1b7f4469a4f3de5ced84a9"}
,"/Users/mukul_tayal/Desktop/EndToEndEval/backend/src/services/content.service.js": {"path":"/Users/mukul_tayal/Desktop/EndToEndEval/backend/src/services/content.service.js","statementMap":{"0":{"start":{"line":1,"column":24},"end":{"line":1,"column":44}},"1":{"start":{"line":2,"column":18},"end":{"line":2,"column":38}},"2":{"start":{"line":3,"column":18},"end":{"line":3,"column":48}},"3":{"start":{"line":5,"column":22},"end":{"line":12,"column":1}},"4":{"start":{"line":6,"column":17},"end":{"line":8,"column":4}},"5":{"start":{"line":9,"column":2},"end":{"line":9,"column":65}},"6":{"start":{"line":9,"column":14},"end":{"line":9,"column":65}},"7":{"start":{"line":10,"column":17},"end":{"line":10,"column":63}},"8":{"start":{"line":11,"column":2},"end":{"line":11,"column":16}},"9":{"start":{"line":14,"column":23},"end":{"line":17,"column":1}},"10":{"start":{"line":15,"column":17},"end":{"line":15,"column":44}},"11":{"start":{"line":16,"column":2},"end":{"line":16,"column":16}},"12":{"start":{"line":19,"column":22},"end":{"line":22,"column":1}},"13":{"start":{"line":20,"column":17},"end":{"line":20,"column":70}},"14":{"start":{"line":21,"column":2},"end":{"line":21,"column":16}},"15":{"start":{"line":24,"column":20},"end":{"line":43,"column":1}},"16":{"start":{"line":25,"column":18},"end":{"line":25,"column":62}},"17":{"start":{"line":26,"column":22},"end":{"line":26,"column":36}},"18":{"start":{"line":28,"column":2},"end":{"line":30,"column":3}},"19":{"start":{"line":29,"column":4},"end":{"line":29,"column":53}},"20":{"start":{"line":31,"column":2},"end":{"line":31,"column":26}},"21":{"start":{"line":32,"column":17},"end":{"line":35,"column":3}},"22":{"start":{"line":36,"column":18},"end":{"line":36,"column":71}},"23":{"start":{"line":37,"column":2},"end":{"line":41,"column":5}},"24":{"start":{"line":38,"column":23},"end":{"line":38,"column":34}},"25":{"start":{"line":39,"column":4},"end":{"line":39,"column":27}},"26":{"start":{"line":40,"column":4},"end":{"line":40,"column":75}},"27":{"start":{"line":42,"column":2},"end":{"line":42,"column":16}},"28":{"start":{"line":45,"column":20},"end":{"line":63,"column":1}},"29":{"start":{"line":46,"column":18},"end":{"line":46,"column":62}},"30":{"start":{"line":47,"column":22},"end":{"line":47,"column":36}},"31":{"start":{"line":48,"column":16},"end":{"line":48,"column":42}},"32":{"start":{"line":49,"column":2},"end":{"line":51,"column":3}},"33":{"start":{"line":50,"column":4},"end":{"line":50,"column":33}},"34":{"start":{"line":52,"column":17},"end":{"line":55,"column":3}},"35":{"start":{"line":56,"column":18},"end":{"line":56,"column":71}},"36":{"start":{"line":57,"column":2},"end":{"line":61,"column":5}},"37":{"start":{"line":58,"column":23},"end":{"line":58,"column":34}},"38":{"start":{"line":59,"column":4},"end":{"line":59,"column":29}},"39":{"start":{"line":60,"column":4},"end":{"line":60,"column":75}},"40":{"start":{"line":62,"column":2},"end":{"line":62,"column":16}},"41":{"start":{"line":65,"column":20},"end":{"line":81,"column":1}},"42":{"start":{"line":66,"column":21},"end":{"line":66,"column":74}},"43":{"start":{"line":67,"column":2},"end":{"line":69,"column":3}},"44":{"start":{"line":68,"column":4},"end":{"line":68,"column":54}},"45":{"start":{"line":70,"column":18},"end":{"line":70,"column":62}},"46":{"start":{"line":71,"column":22},"end":{"line":71,"column":36}},"47":{"start":{"line":72,"column":16},"end":{"line":72,"column":42}},"48":{"start":{"line":73,"column":2},"end":{"line":75,"column":3}},"49":{"start":{"line":74,"column":4},"end":{"line":74,"column":34}},"50":{"start":{"line":76,"column":17},"end":{"line":79,"column":3}},"51":{"start":{"line":80,"column":2},"end":{"line":80,"column":16}},"52":{"start":{"line":83,"column":0},"end":{"line":90,"column":2}}},"fnMap":{"0":{"name":"(anonymous_0)","decl":{"start":{"line":5,"column":22},"end":{"line":5,"column":23}},"loc":{"start":{"line":5,"column":38},"end":{"line":12,"column":1}},"line":5},"1":{"name":"(anonymous_1)","decl":{"start":{"line":14,"column":23},"end":{"line":14,"column":24}},"loc":{"start":{"line":14,"column":35},"end":{"line":17,"column":1}},"line":14},"2":{"name":"(anonymous_2)","decl":{"start":{"line":19,"column":22},"end":{"line":19,"column":23}},"loc":{"start":{"line":19,"column":42},"end":{"line":22,"column":1}},"line":19},"3":{"name":"(anonymous_3)","decl":{"start":{"line":24,"column":20},"end":{"line":24,"column":21}},"loc":{"start":{"line":24,"column":41},"end":{"line":43,"column":1}},"line":24},"4":{"name":"(anonymous_4)","decl":{"start":{"line":37,"column":18},"end":{"line":37,"column":19}},"loc":{"start":{"line":37,"column":35},"end":{"line":41,"column":3}},"line":37},"5":{"name":"(anonymous_5)","decl":{"start":{"line":45,"column":20},"end":{"line":45,"column":21}},"loc":{"start":{"line":45,"column":41},"end":{"line":63,"column":1}},"line":45},"6":{"name":"(anonymous_6)","decl":{"start":{"line":57,"column":18},"end":{"line":57,"column":19}},"loc":{"start":{"line":57,"column":35},"end":{"line":61,"column":3}},"line":57},"7":{"name":"(anonymous_7)","decl":{"start":{"line":65,"column":20},"end":{"line":65,"column":21}},"loc":{"start":{"line":65,"column":51},"end":{"line":81,"column":1}},"line":65}},"branchMap":{"0":{"loc":{"start":{"line":9,"column":2},"end":{"line":9,"column":65}},"type":"if","locations":[{"start":{"line":9,"column":2},"end":{"line":9,"column":65}},{"start":{},"end":{}}],"line":9},"1":{"loc":{"start":{"line":28,"column":2},"end":{"line":30,"column":3}},"type":"if","locations":[{"start":{"line":28,"column":2},"end":{"line":30,"column":3}},{"start":{},"end":{}}],"line":28},"2":{"loc":{"start":{"line":49,"column":2},"end":{"line":51,"column":3}},"type":"if","locations":[{"start":{"line":49,"column":2},"end":{"line":51,"column":3}},{"start":{},"end":{}}],"line":49},"3":{"loc":{"start":{"line":67,"column":2},"end":{"line":69,"column":3}},"type":"if","locations":[{"start":{"line":67,"column":2},"end":{"line":69,"column":3}},{"start":{},"end":{}}],"line":67},"4":{"loc":{"start":{"line":73,"column":2},"end":{"line":75,"column":3}},"type":"if","locations":[{"start":{"line":73,"column":2},"end":{"line":75,"column":3}},{"start":{},"end":{}}],"line":73}},"s":{"0":2,"1":2,"2":2,"3":2,"4":2,"5":2,"6":1,"7":1,"8":1,"9":2,"10":1,"11":1,"12":2,"13":1,"14":1,"15":2,"16":2,"17":2,"18":2,"19":1,"20":1,"21":1,"22":1,"23":1,"24":2,"25":2,"26":2,"27":1,"28":2,"29":1,"30":1,"31":1,"32":1,"33":1,"34":1,"35":1,"36":1,"37":2,"38":2,"39":2,"40":1,"41":2,"42":2,"43":2,"44":1,"45":1,"46":1,"47":1,"48":1,"49":1,"50":1,"51":1,"52":2},"f":{"0":2,"1":1,"2":1,"3":2,"4":2,"5":1,"6":2,"7":2},"b":{"0":[1,1],"1":[1,1],"2":[1,0],"3":[1,1],"4":[1,0]},"_coverageSchema":"1a1c01bbd47fc00a2c39e90264f33305004495a9","hash":"b349396bce80d8aff6258bfbfc95c2f54ac3d74f"}
,"/Users/mukul_tayal/Desktop/EndToEndEval/backend/src/services/entry.service.js": {"path":"/Users/mukul_tayal/Desktop/EndToEndEval/backend/src/services/entry.service.js","statementMap":{"0":{"start":{"line":1,"column":18},"end":{"line":1,"column":38}},"1":{"start":{"line":3,"column":20},"end":{"line":6,"column":1}},"2":{"start":{"line":4,"column":17},"end":{"line":4,"column":79}},"3":{"start":{"line":5,"column":2},"end":{"line":5,"column":16}},"4":{"start":{"line":8,"column":22},"end":{"line":11,"column":1}},"5":{"start":{"line":9,"column":17},"end":{"line":9,"column":77}},"6":{"start":{"line":10,"column":2},"end":{"line":10,"column":16}},"7":{"start":{"line":13,"column":20},"end":{"line":19,"column":1}},"8":{"start":{"line":14,"column":17},"end":{"line":17,"column":3}},"9":{"start":{"line":18,"column":2},"end":{"line":18,"column":16}},"10":{"start":{"line":21,"column":20},"end":{"line":24,"column":1}},"11":{"start":{"line":22,"column":17},"end":{"line":22,"column":64}},"12":{"start":{"line":23,"column":2},"end":{"line":23,"column":16}},"13":{"start":{"line":26,"column":0},"end":{"line":31,"column":2}}},"fnMap":{"0":{"name":"(anonymous_0)","decl":{"start":{"line":3,"column":20},"end":{"line":3,"column":21}},"loc":{"start":{"line":3,"column":48},"end":{"line":6,"column":1}},"line":3},"1":{"name":"(anonymous_1)","decl":{"start":{"line":8,"column":22},"end":{"line":8,"column":23}},"loc":{"start":{"line":8,"column":43},"end":{"line":11,"column":1}},"line":8},"2":{"name":"(anonymous_2)","decl":{"start":{"line":13,"column":20},"end":{"line":13,"column":21}},"loc":{"start":{"line":13,"column":46},"end":{"line":19,"column":1}},"line":13},"3":{"name":"(anonymous_3)","decl":{"start":{"line":21,"column":20},"end":{"line":21,"column":21}},"loc":{"start":{"line":21,"column":39},"end":{"line":24,"column":1}},"line":21}},"branchMap":{},"s":{"0":2,"1":2,"2":1,"3":1,"4":2,"5":1,"6":1,"7":2,"8":1,"9":1,"10":2,"11":1,"12":1,"13":2},"f":{"0":1,"1":1,"2":1,"3":1},"b":{},"_coverageSchema":"1a1c01bbd47fc00a2c39e90264f33305004495a9","hash":"050296a37181d3db314d6db497b5ec6801e85f0b"}
}
