TN:
SF:database/config/config.js
FNF:0
FNH:0
DA:1,4
DA:3,4
LF:2
LH:2
BRF:0
BRH:0
end_of_record
TN:
SF:src/controllers/content.controller.js
FN:4,(anonymous_0)
FN:17,(anonymous_1)
FN:30,(anonymous_2)
FN:45,(anonymous_3)
FN:60,(anonymous_4)
FN:75,(anonymous_5)
FNF:6
FNH:6
FNDA:3,(anonymous_0)
FNDA:3,(anonymous_1)
FNDA:3,(anonymous_2)
FNDA:3,(anonymous_3)
FNDA:3,(anonymous_4)
FNDA:3,(anonymous_5)
DA:1,1
DA:2,1
DA:4,1
DA:5,3
DA:6,3
DA:7,3
DA:8,1
DA:10,2
DA:11,1
DA:13,1
DA:17,1
DA:18,3
DA:19,3
DA:20,1
DA:22,2
DA:23,1
DA:25,1
DA:30,1
DA:31,3
DA:32,3
DA:33,3
DA:34,3
DA:35,1
DA:37,2
DA:38,1
DA:40,1
DA:45,1
DA:46,3
DA:47,3
DA:48,3
DA:49,3
DA:50,1
DA:52,2
DA:53,1
DA:55,1
DA:60,1
DA:61,3
DA:62,3
DA:63,3
DA:64,2
DA:65,1
DA:67,2
DA:68,1
DA:70,1
DA:75,1
DA:76,3
DA:77,3
DA:78,3
DA:79,3
DA:80,1
DA:82,2
DA:83,1
DA:85,1
DA:90,1
LF:54
LH:54
BRDA:10,0,0,1
BRDA:10,0,1,1
BRDA:22,1,0,1
BRDA:22,1,1,1
BRDA:37,2,0,1
BRDA:37,2,1,1
BRDA:52,3,0,1
BRDA:52,3,1,1
BRDA:67,4,0,1
BRDA:67,4,1,1
BRDA:82,5,0,1
BRDA:82,5,1,1
BRF:12
BRH:12
end_of_record
TN:
SF:src/controllers/entry.controller.js
FN:4,(anonymous_0)
FN:18,(anonymous_1)
FN:32,(anonymous_2)
FN:47,(anonymous_3)
FNF:4
FNH:4
FNDA:3,(anonymous_0)
FNDA:3,(anonymous_1)
FNDA:3,(anonymous_2)
FNDA:3,(anonymous_3)
DA:1,1
DA:2,1
DA:4,1
DA:5,3
DA:6,3
DA:7,3
DA:8,3
DA:9,1
DA:11,2
DA:12,1
DA:14,1
DA:18,1
DA:19,3
DA:20,3
DA:21,3
DA:22,1
DA:24,2
DA:25,1
DA:27,1
DA:32,1
DA:33,3
DA:34,3
DA:35,3
DA:36,3
DA:37,1
DA:39,2
DA:40,1
DA:42,1
DA:47,1
DA:48,3
DA:49,3
DA:50,3
DA:51,1
DA:53,2
DA:54,1
DA:56,1
DA:60,1
LF:37
LH:37
BRDA:11,0,0,1
BRDA:11,0,1,1
BRDA:24,1,0,1
BRDA:24,1,1,1
BRDA:39,2,0,1
BRDA:39,2,1,1
BRDA:53,3,0,1
BRDA:53,3,1,1
BRF:8
BRH:8
end_of_record
TN:
SF:src/errors/HTTPError.js
FN:2,(anonymous_0)
FNF:1
FNH:1
FNDA:13,(anonymous_0)
DA:3,13
DA:4,13
DA:5,13
DA:8,3
LF:4
LH:4
BRF:0
BRH:0
end_of_record
TN:
SF:src/models/contenttype.js
FN:4,(anonymous_0)
FN:11,(anonymous_1)
FNF:2
FNH:2
FNDA:4,(anonymous_0)
FNDA:4,(anonymous_1)
DA:2,4
DA:4,4
DA:12,4
DA:17,4
DA:27,4
LF:5
LH:5
BRF:0
BRH:0
end_of_record
TN:
SF:src/models/entry.js
FN:3,(anonymous_0)
FN:10,(anonymous_1)
FNF:2
FNH:2
FNDA:4,(anonymous_0)
FNDA:4,(anonymous_1)
DA:2,4
DA:3,4
DA:11,4
DA:16,4
DA:26,4
LF:5
LH:5
BRF:0
BRH:0
end_of_record
TN:
SF:src/models/index.js
FN:21,(anonymous_0)
FN:29,(anonymous_1)
FN:34,(anonymous_2)
FNF:3
FNH:3
FNDA:12,(anonymous_0)
FNDA:8,(anonymous_1)
FNDA:8,(anonymous_2)
DA:3,4
DA:4,4
DA:5,4
DA:6,4
DA:7,4
DA:8,4
DA:9,4
DA:10,4
DA:13,4
DA:14,0
DA:16,4
DA:19,4
DA:22,12
DA:30,8
DA:31,8
DA:34,4
DA:35,8
DA:36,8
DA:40,4
DA:41,4
DA:43,4
LF:21
LH:20
BRDA:8,0,0,4
BRDA:8,0,1,0
BRDA:13,1,0,0
BRDA:13,1,1,4
BRDA:23,2,0,12
BRDA:23,2,1,12
BRDA:23,2,2,8
BRDA:23,2,3,8
BRDA:35,3,0,8
BRDA:35,3,1,0
BRF:10
BRH:7
end_of_record
TN:
SF:src/services/content.service.js
FN:5,(anonymous_0)
FN:14,(anonymous_1)
FN:19,(anonymous_2)
FN:24,(anonymous_3)
FN:37,(anonymous_4)
FN:45,(anonymous_5)
FN:57,(anonymous_6)
FN:65,(anonymous_7)
FNF:8
FNH:8
FNDA:2,(anonymous_0)
FNDA:1,(anonymous_1)
FNDA:1,(anonymous_2)
FNDA:2,(anonymous_3)
FNDA:2,(anonymous_4)
FNDA:1,(anonymous_5)
FNDA:2,(anonymous_6)
FNDA:2,(anonymous_7)
DA:1,2
DA:2,2
DA:3,2
DA:5,2
DA:6,2
DA:9,2
DA:10,1
DA:11,1
DA:14,2
DA:15,1
DA:16,1
DA:19,2
DA:20,1
DA:21,1
DA:24,2
DA:25,2
DA:26,2
DA:28,2
DA:29,1
DA:31,1
DA:32,1
DA:36,1
DA:37,1
DA:38,2
DA:39,2
DA:40,2
DA:42,1
DA:45,2
DA:46,1
DA:47,1
DA:48,1
DA:49,1
DA:50,1
DA:52,1
DA:56,1
DA:57,1
DA:58,2
DA:59,2
DA:60,2
DA:62,1
DA:65,2
DA:66,2
DA:67,2
DA:68,1
DA:70,1
DA:71,1
DA:72,1
DA:73,1
DA:74,1
DA:76,1
DA:80,1
DA:83,2
LF:52
LH:52
BRDA:9,0,0,1
BRDA:9,0,1,1
BRDA:28,1,0,1
BRDA:28,1,1,1
BRDA:49,2,0,1
BRDA:49,2,1,0
BRDA:67,3,0,1
BRDA:67,3,1,1
BRDA:73,4,0,1
BRDA:73,4,1,0
BRF:10
BRH:8
end_of_record
TN:
SF:src/services/entry.service.js
FN:3,(anonymous_0)
FN:8,(anonymous_1)
FN:13,(anonymous_2)
FN:21,(anonymous_3)
FNF:4
FNH:4
FNDA:1,(anonymous_0)
FNDA:1,(anonymous_1)
FNDA:1,(anonymous_2)
FNDA:1,(anonymous_3)
DA:1,2
DA:3,2
DA:4,1
DA:5,1
DA:8,2
DA:9,1
DA:10,1
DA:13,2
DA:14,1
DA:18,1
DA:21,2
DA:22,1
DA:23,1
DA:26,2
LF:14
LH:14
BRF:0
BRH:0
end_of_record
